====================================
Kallisto using ath cDNA for Col0_s_rep1.

[quant] fragment length distribution is truncated gaussian with mean = 200, sd = 20
[index] k-mer length: 31
[index] number of targets: 48,359
[index] number of k-mers: 45,567,218
[index] number of equivalence classes: 93,973
[quant] running in single-end mode
[quant] will process file 1: /netscratch/dep_psl/grp_rgo/yniu/MPIPZ_SPP_workshop/RNA-Seq_clean_data/Col0_s_rep1.fq.gz
[quant] finding pseudoalignments for the reads ... done
[quant] processed 5,322,658 reads, 4,960,090 reads pseudoaligned
[   em] quantifying the abundances ... done
[   em] the Expectation-Maximization algorithm ran for 972 rounds

HISAT2 using ath genome for Col0_s_rep1.
5322658 reads; of these:
  5322658 (100.00%) were unpaired; of these:
    67022 (1.26%) aligned 0 times
    5064183 (95.14%) aligned exactly 1 time
    191453 (3.60%) aligned >1 times
98.74% overall alignment rate
[bam_sort_core] merging from 0 files and 45 in-memory blocks...
=====================================
====================================
Kallisto using ath cDNA for Col0_s_rep2.

[quant] fragment length distribution is truncated gaussian with mean = 200, sd = 20
[index] k-mer length: 31
[index] number of targets: 48,359
[index] number of k-mers: 45,567,218
[index] number of equivalence classes: 93,973
[quant] running in single-end mode
[quant] will process file 1: /netscratch/dep_psl/grp_rgo/yniu/MPIPZ_SPP_workshop/RNA-Seq_clean_data/Col0_s_rep2.fq.gz
[quant] finding pseudoalignments for the reads ... done
[quant] processed 5,368,591 reads, 4,987,473 reads pseudoaligned
[   em] quantifying the abundances ... done
[   em] the Expectation-Maximization algorithm ran for 936 rounds

HISAT2 using ath genome for Col0_s_rep2.
5368591 reads; of these:
  5368591 (100.00%) were unpaired; of these:
    69155 (1.29%) aligned 0 times
    5087068 (94.76%) aligned exactly 1 time
    212368 (3.96%) aligned >1 times
98.71% overall alignment rate
[bam_sort_core] merging from 0 files and 45 in-memory blocks...
=====================================
====================================
Kallisto using ath cDNA for Col0_s_rep3.

[quant] fragment length distribution is truncated gaussian with mean = 200, sd = 20
[index] k-mer length: 31
[index] number of targets: 48,359
[index] number of k-mers: 45,567,218
[index] number of equivalence classes: 93,973
[quant] running in single-end mode
[quant] will process file 1: /netscratch/dep_psl/grp_rgo/yniu/MPIPZ_SPP_workshop/RNA-Seq_clean_data/Col0_s_rep3.fq.gz
[quant] finding pseudoalignments for the reads ... done
[quant] processed 4,289,156 reads, 3,930,689 reads pseudoaligned
[   em] quantifying the abundances ... done
[   em] the Expectation-Maximization algorithm ran for 1,147 rounds

HISAT2 using ath genome for Col0_s_rep3.
4289156 reads; of these:
  4289156 (100.00%) were unpaired; of these:
    76822 (1.79%) aligned 0 times
    4022735 (93.79%) aligned exactly 1 time
    189599 (4.42%) aligned >1 times
98.21% overall alignment rate
[bam_sort_core] merging from 0 files and 45 in-memory blocks...
=====================================
====================================
Kallisto using ath cDNA for flg22_s_rep1.

[quant] fragment length distribution is truncated gaussian with mean = 200, sd = 20
[index] k-mer length: 31
[index] number of targets: 48,359
[index] number of k-mers: 45,567,218
[index] number of equivalence classes: 93,973
[quant] running in single-end mode
[quant] will process file 1: /netscratch/dep_psl/grp_rgo/yniu/MPIPZ_SPP_workshop/RNA-Seq_clean_data/flg22_s_rep1.fq.gz
[quant] finding pseudoalignments for the reads ... done
[quant] processed 2,836,489 reads, 2,610,968 reads pseudoaligned
[   em] quantifying the abundances ... done
[   em] the Expectation-Maximization algorithm ran for 930 rounds

HISAT2 using ath genome for flg22_s_rep1.
2836489 reads; of these:
  2836489 (100.00%) were unpaired; of these:
    53983 (1.90%) aligned 0 times
    2658382 (93.72%) aligned exactly 1 time
    124124 (4.38%) aligned >1 times
98.10% overall alignment rate
[bam_sort_core] merging from 0 files and 45 in-memory blocks...
=====================================
====================================
Kallisto using ath cDNA for flg22_s_rep2.

[quant] fragment length distribution is truncated gaussian with mean = 200, sd = 20
[index] k-mer length: 31
[index] number of targets: 48,359
[index] number of k-mers: 45,567,218
[index] number of equivalence classes: 93,973
[quant] running in single-end mode
[quant] will process file 1: /netscratch/dep_psl/grp_rgo/yniu/MPIPZ_SPP_workshop/RNA-Seq_clean_data/flg22_s_rep2.fq.gz
[quant] finding pseudoalignments for the reads ... done
[quant] processed 5,382,860 reads, 4,903,969 reads pseudoaligned
[   em] quantifying the abundances ... done
[   em] the Expectation-Maximization algorithm ran for 1,075 rounds

HISAT2 using ath genome for flg22_s_rep2.
5382860 reads; of these:
  5382860 (100.00%) were unpaired; of these:
    125621 (2.33%) aligned 0 times
    5019077 (93.24%) aligned exactly 1 time
    238162 (4.42%) aligned >1 times
97.67% overall alignment rate
[bam_sort_core] merging from 0 files and 45 in-memory blocks...
=====================================
====================================
Kallisto using ath cDNA for flg22_s_rep3.

[quant] fragment length distribution is truncated gaussian with mean = 200, sd = 20
[index] k-mer length: 31
[index] number of targets: 48,359
[index] number of k-mers: 45,567,218
[index] number of equivalence classes: 93,973
[quant] running in single-end mode
[quant] will process file 1: /netscratch/dep_psl/grp_rgo/yniu/MPIPZ_SPP_workshop/RNA-Seq_clean_data/flg22_s_rep3.fq.gz
[quant] finding pseudoalignments for the reads ... done
[quant] processed 5,442,138 reads, 5,007,064 reads pseudoaligned
[   em] quantifying the abundances ... done
[   em] the Expectation-Maximization algorithm ran for 1,029 rounds

HISAT2 using ath genome for flg22_s_rep3.
5442138 reads; of these:
  5442138 (100.00%) were unpaired; of these:
    78819 (1.45%) aligned 0 times
    5125078 (94.17%) aligned exactly 1 time
    238241 (4.38%) aligned >1 times
98.55% overall alignment rate
[bam_sort_core] merging from 0 files and 45 in-memory blocks...
=====================================
====================================
Kallisto using ath cDNA for MeJA_s_rep1.

[quant] fragment length distribution is truncated gaussian with mean = 200, sd = 20
[index] k-mer length: 31
[index] number of targets: 48,359
[index] number of k-mers: 45,567,218
[index] number of equivalence classes: 93,973
[quant] running in single-end mode
[quant] will process file 1: /netscratch/dep_psl/grp_rgo/yniu/MPIPZ_SPP_workshop/RNA-Seq_clean_data/MeJA_s_rep1.fq.gz
[quant] finding pseudoalignments for the reads ... done
[quant] processed 2,359,884 reads, 2,221,559 reads pseudoaligned
[   em] quantifying the abundances ... done
[   em] the Expectation-Maximization algorithm ran for 1,127 rounds

HISAT2 using ath genome for MeJA_s_rep1.
2359884 reads; of these:
  2359884 (100.00%) were unpaired; of these:
    24633 (1.04%) aligned 0 times
    2245363 (95.15%) aligned exactly 1 time
    89888 (3.81%) aligned >1 times
98.96% overall alignment rate
[bam_sort_core] merging from 0 files and 45 in-memory blocks...
=====================================
====================================
Kallisto using ath cDNA for MeJA_s_rep2.

[quant] fragment length distribution is truncated gaussian with mean = 200, sd = 20
[index] k-mer length: 31
[index] number of targets: 48,359
[index] number of k-mers: 45,567,218
[index] number of equivalence classes: 93,973
[quant] running in single-end mode
[quant] will process file 1: /netscratch/dep_psl/grp_rgo/yniu/MPIPZ_SPP_workshop/RNA-Seq_clean_data/MeJA_s_rep2.fq.gz
[quant] finding pseudoalignments for the reads ... done
[quant] processed 2,298,963 reads, 2,136,500 reads pseudoaligned
[   em] quantifying the abundances ... done
[   em] the Expectation-Maximization algorithm ran for 981 rounds

HISAT2 using ath genome for MeJA_s_rep2.
2298963 reads; of these:
  2298963 (100.00%) were unpaired; of these:
    43697 (1.90%) aligned 0 times
    2153256 (93.66%) aligned exactly 1 time
    102010 (4.44%) aligned >1 times
98.10% overall alignment rate
[bam_sort_core] merging from 0 files and 45 in-memory blocks...
=====================================
====================================
Kallisto using ath cDNA for MeJA_s_rep3.

[quant] fragment length distribution is truncated gaussian with mean = 200, sd = 20
[index] k-mer length: 31
[index] number of targets: 48,359
[index] number of k-mers: 45,567,218
[index] number of equivalence classes: 93,973
[quant] running in single-end mode
[quant] will process file 1: /netscratch/dep_psl/grp_rgo/yniu/MPIPZ_SPP_workshop/RNA-Seq_clean_data/MeJA_s_rep3.fq.gz
[quant] finding pseudoalignments for the reads ... done
[quant] processed 1,677,246 reads, 1,560,133 reads pseudoaligned
[   em] quantifying the abundances ... done
[   em] the Expectation-Maximization algorithm ran for 1,131 rounds

HISAT2 using ath genome for MeJA_s_rep3.
1677246 reads; of these:
  1677246 (100.00%) were unpaired; of these:
    29513 (1.76%) aligned 0 times
    1576760 (94.01%) aligned exactly 1 time
    70973 (4.23%) aligned >1 times
98.24% overall alignment rate
[bam_sort_core] merging from 0 files and 45 in-memory blocks...
=====================================
 
